<?xml version="1.0" encoding="UTF-8"?>
<!-- Generated by org.testng.reporters.JUnitReportReporter -->
<testsuite hostname="INLEN8520062304" failures="0" tests="4" name="api.test.UserTests" time="9.373" errors="0" timestamp="2023-06-08T11:10:35 IST" skipped="0">
  <testcase classname="api.test.UserTests" name="testCreateUser" time="2.997"/>
  <system-out/>
  <testcase classname="api.test.UserTests" name="testGetUser" time="1.677"/>
  <system-out/>
  <testcase classname="api.test.UserTests" name="testUpdate" time="2.962"/>
  <system-out/>
  <testcase classname="api.test.UserTests" name="testDeleteUser" time="1.737"/>
  <system-out/>
</testsuite> <!-- api.test.UserTests -->
