<?xml version="1.0" encoding="UTF-8"?>
<!-- Generated by org.testng.reporters.JUnitReportReporter -->
<testsuite hostname="INLEN8520062304" failures="0" tests="4" name="api.test.UserTestsUsingProp" time="7.884" errors="0" timestamp="2023-06-08T13:40:43 IST" skipped="0">
  <testcase classname="api.test.UserTestsUsingProp" name="testCreateUser" time="2.694"/>
  <system-out/>
  <testcase classname="api.test.UserTestsUsingProp" name="testGetUser" time="1.422"/>
  <system-out/>
  <testcase classname="api.test.UserTestsUsingProp" name="testUpdate" time="2.469"/>
  <system-out/>
  <testcase classname="api.test.UserTestsUsingProp" name="testDeleteUser" time="1.299"/>
  <system-out/>
</testsuite> <!-- api.test.UserTestsUsingProp -->
