<?xml version="1.0" encoding="UTF-8"?>
<!-- Generated by org.testng.reporters.JUnitReportReporter -->
<testsuite hostname="INLEN8520062304" failures="0" tests="4" name="api.test.UserTests" time="9.034" errors="0" timestamp="2023-06-08T16:50:47 IST" skipped="0">
  <testcase classname="api.test.UserTests" name="testCreateUser" time="2.895"/>
  <testcase classname="api.test.UserTests" name="testGetUser" time="1.437"/>
  <testcase classname="api.test.UserTests" name="testUpdate" time="2.968"/>
  <testcase classname="api.test.UserTests" name="testDeleteUser" time="1.734"/>
</testsuite> <!-- api.test.UserTests -->
